<?xml version="1.0" encoding="UTF-8"?>
<testsuite name="RectangleTest" tests="6" skipped="0" failures="0" errors="0" timestamp="2016-02-18T19:59:29" hostname="midiman.local" time="0.001">
  <properties/>
  <testcase name="isSquare_allSidesEqual_true" classname="RectangleTest" time="0.0"/>
  <testcase name="areaTest_testsareaofRectangle_100" classname="RectangleTest" time="0.0"/>
  <testcase name="newRectangle_instantiatesCorrectly" classname="RectangleTest" time="0.0"/>
  <testcase name="isSquare_whenNotASquare_false" classname="RectangleTest" time="0.0"/>
  <testcase name="newRectangle_setsLength" classname="RectangleTest" time="0.0"/>
  <testcase name="newRectangle_setsWidth" classname="RectangleTest" time="0.0"/>
  <system-out><![CDATA[]]></system-out>
  <system-err><![CDATA[]]></system-err>
</testsuite>
